2017-02-20 15:53:36,078 [Worker-3] INFO  c.g.t.t.d.PublishedGradleVersions - Gradle version information cache is out-of-date. Trying to update.
2017-02-20 15:53:58,271 [Worker-9] INFO  o.e.m.c.i.e.AbstractTransferListenerAdapter - Downloading https://repo.maven.apache.org/maven2/org/apache/maven/plugins/maven-surefire-plugin/2.19.1/maven-surefire-plugin-2.19.1.jar
2017-02-20 15:53:58,361 [Worker-9] INFO  o.e.m.c.i.e.AbstractTransferListenerAdapter - Downloaded https://repo.maven.apache.org/maven2/org/apache/maven/plugins/maven-surefire-plugin/2.19.1/maven-surefire-plugin-2.19.1.jar
2017-02-20 15:54:00,796 [Worker-9] INFO  o.e.m.c.i.l.LifecycleMappingFactory - Using org.eclipse.m2e.jdt.JarLifecycleMapping lifecycle mapping for MavenProject: bbc.codingtests.gameoflife:gameoflife:1.0-SNAPSHOT @ C:\Users\Horica\Desktop\gameoflife\java\gameoflife\bin\pom.xml.
2017-02-20 15:54:00,894 [Worker-9] INFO  o.e.m.c.i.e.AbstractTransferListenerAdapter - Downloading https://repo.maven.apache.org/maven2/junit/junit/4.12/junit-4.12.pom
2017-02-20 15:54:00,942 [Worker-9] INFO  o.e.m.c.i.e.AbstractTransferListenerAdapter - Downloaded https://repo.maven.apache.org/maven2/junit/junit/4.12/junit-4.12.pom
2017-02-20 15:54:00,995 [Worker-9] INFO  o.e.m.c.i.e.AbstractTransferListenerAdapter - Downloading https://repo.maven.apache.org/maven2/junit/junit/4.12/junit-4.12.jar
2017-02-20 15:54:01,176 [Worker-9] INFO  o.e.m.c.i.e.AbstractTransferListenerAdapter - Downloaded https://repo.maven.apache.org/maven2/junit/junit/4.12/junit-4.12.jar
2017-02-20 15:54:01,868 [Worker-9] INFO  o.e.m.c.i.embedder.EclipseLogger - Using 'UTF-8' encoding to copy filtered resources.
2017-02-20 15:54:01,868 [Worker-9] INFO  o.e.m.c.i.embedder.EclipseLogger - skip non existing resourceDirectory C:\Users\Horica\Desktop\gameoflife\java\gameoflife\bin\src\main\resources
2017-02-20 15:54:01,868 [Worker-9] INFO  o.e.m.c.i.embedder.EclipseLogger - Using 'UTF-8' encoding to copy filtered resources.
2017-02-20 15:54:01,868 [Worker-9] INFO  o.e.m.c.i.embedder.EclipseLogger - skip non existing resourceDirectory C:\Users\Horica\Desktop\gameoflife\java\gameoflife\bin\src\test\resources
2017-02-20 15:54:02,679 [Worker-0] INFO  o.e.m.c.i.l.LifecycleMappingFactory - Using org.eclipse.m2e.jdt.JarLifecycleMapping lifecycle mapping for MavenProject: bbc.codingtests.gameoflife:gameoflife:1.0-SNAPSHOT @ C:\Users\Horica\Desktop\gameoflife\java\gameoflife\bin\pom.xml.
2017-02-20 15:54:03,459 [Worker-8] INFO  o.e.m.c.i.l.LifecycleMappingFactory - Using org.eclipse.m2e.jdt.JarLifecycleMapping lifecycle mapping for MavenProject: bbc.codingtests.gameoflife:gameoflife:1.0-SNAPSHOT @ C:\Users\Horica\Desktop\gameoflife\java\gameoflife\bin\pom.xml.
2017-02-21 00:26:41,552 [Worker-1] INFO  c.g.t.t.d.PublishedGradleVersions - Gradle version information cache is up-to-date. Trying to read.
2017-02-21 00:28:12,212 [Worker-2] INFO  o.e.m.c.i.l.LifecycleMappingFactory - Using org.eclipse.m2e.jdt.JarLifecycleMapping lifecycle mapping for MavenProject: bbc.codingtests.gameoflife:gameoflife:1.0-SNAPSHOT @ C:\Users\Horica\Desktop\gameoflife\java\gameoflife\bin\pom.xml.
2017-02-21 00:28:12,456 [Worker-2] INFO  o.e.m.c.i.embedder.EclipseLogger - Using 'UTF-8' encoding to copy filtered resources.
2017-02-21 00:28:12,457 [Worker-2] INFO  o.e.m.c.i.embedder.EclipseLogger - skip non existing resourceDirectory C:\Users\Horica\Desktop\gameoflife\java\gameoflife\bin\src\main\resources
2017-02-21 00:28:12,459 [Worker-2] INFO  o.e.m.c.i.embedder.EclipseLogger - Using 'UTF-8' encoding to copy filtered resources.
2017-02-21 00:28:12,459 [Worker-2] INFO  o.e.m.c.i.embedder.EclipseLogger - skip non existing resourceDirectory C:\Users\Horica\Desktop\gameoflife\java\gameoflife\bin\src\test\resources
2017-02-21 00:28:13,525 [Worker-5] INFO  o.e.m.c.i.embedder.EclipseLogger - Using 'UTF-8' encoding to copy filtered resources.
2017-02-21 00:28:13,526 [Worker-5] INFO  o.e.m.c.i.embedder.EclipseLogger - skip non existing resourceDirectory C:\Users\Horica\Desktop\gameoflife\java\gameoflife\bin\src\main\resources
2017-02-21 00:28:13,527 [Worker-5] INFO  o.e.m.c.i.embedder.EclipseLogger - Using 'UTF-8' encoding to copy filtered resources.
2017-02-21 00:28:13,527 [Worker-5] INFO  o.e.m.c.i.embedder.EclipseLogger - skip non existing resourceDirectory C:\Users\Horica\Desktop\gameoflife\java\gameoflife\bin\src\test\resources
